15:09:01 [33m[controller.init] -INFO- [0mLog initialized
15:09:01 [33m[model.init] -INFO- [0mDB connection initialized
15:09:01 [33m[main.main] -INFO- [0mServer running on port :3000
15:09:04 [33m[controller.renderHTML] -INFO- [0m{{8b353a96-3151-11ef-8dd8-da6c46387728 check 0} [{1 admin Our duck ducked your duck's stomach. Can your duck duck our duck's belly just as our duck ducked your duck's stomach? بطتنا بطت بطن بطتكم, تقدر بطتكم تبط بطن بطتنا مثل ما بطتنا بطت بطن بطتكم؟ 0 0 2024-06-23 11:37:00 +0000 UTC -1}] }
15:09:04 [33m[controller.renderHTML] -INFO- [0m{{8b353a96-3151-11ef-8dd8-da6c46387728 check 0} [{1 admin Our duck ducked your duck's stomach. Can your duck duck our duck's belly just as our duck ducked your duck's stomach? بطتنا بطت بطن بطتكم, تقدر بطتكم تبط بطن بطتنا مثل ما بطتنا بطت بطن بطتكم؟ 0 0 2024-06-23 11:37:00 +0000 UTC -1}] }
15:09:07 [33m[controller.renderHTML] -INFO- [0m{{8b353a96-3151-11ef-8dd8-da6c46387728 check 0} []}
15:09:07 [33m[controller.renderHTML] -INFO- [0m{{8b353a96-3151-11ef-8dd8-da6c46387728 check 0} [{1 admin Our duck ducked your duck's stomach. Can your duck duck our duck's belly just as our duck ducked your duck's stomach? بطتنا بطت بطن بطتكم, تقدر بطتكم تبط بطن بطتنا مثل ما بطتنا بطت بطن بطتكم؟ 0 0 2024-06-23 11:37:00 +0000 UTC -1}] }
15:09:11 [33m[controller.renderHTML] -INFO- [0m{{8b353a96-3151-11ef-8dd8-da6c46387728 check 0} [{1 admin Our duck ducked your duck's stomach. Can your duck duck our duck's belly just as our duck ducked your duck's stomach? بطتنا بطت بطن بطتكم, تقدر بطتكم تبط بطن بطتنا مثل ما بطتنا بطت بطن بطتكم؟ 0 0 2024-06-23 11:37:00 +0000 UTC -1}] }
15:09:11 [33m[controller.renderHTML] -INFO- [0m{{8b353a96-3151-11ef-8dd8-da6c46387728 check 0} [{1 admin Our duck ducked your duck's stomach. Can your duck duck our duck's belly just as our duck ducked your duck's stomach? بطتنا بطت بطن بطتكم, تقدر بطتكم تبط بطن بطتنا مثل ما بطتنا بطت بطن بطتكم؟ 0 0 2024-06-23 11:37:00 +0000 UTC -1}] }
15:09:13 [31m[model.GetLike] -ERROR- [0msql: no rows in result set
15:09:14 [33m[controller.renderHTML] -INFO- [0m{{8b353a96-3151-11ef-8dd8-da6c46387728 check 0} [{1 admin Our duck ducked your duck's stomach. Can your duck duck our duck's belly just as our duck ducked your duck's stomach? بطتنا بطت بطن بطتكم, تقدر بطتكم تبط بطن بطتنا مثل ما بطتنا بطت بطن بطتكم؟ 1 0 2024-06-23 08:37:51 +0000 UTC 1}]}
15:09:14 [33m[controller.renderHTML] -INFO- [0m{{8b353a96-3151-11ef-8dd8-da6c46387728 check 0} [{1 admin Our duck ducked your duck's stomach. Can your duck duck our duck's belly just as our duck ducked your duck's stomach? بطتنا بطت بطن بطتكم, تقدر بطتكم تبط بطن بطتنا مثل ما بطتنا بطت بطن بطتكم؟ 1 0 2024-06-23 11:37:00 +0000 UTC 1}] }
15:09:15 [33m[controller.renderHTML] -INFO- [0m{{8b353a96-3151-11ef-8dd8-da6c46387728 check 0} [{1 admin Our duck ducked your duck's stomach. Can your duck duck our duck's belly just as our duck ducked your duck's stomach? بطتنا بطت بطن بطتكم, تقدر بطتكم تبط بطن بطتنا مثل ما بطتنا بطت بطن بطتكم؟ 1 0 2024-06-23 11:37:00 +0000 UTC 1}] }
15:09:16 [33m[controller.renderHTML] -INFO- [0m{{8b353a96-3151-11ef-8dd8-da6c46387728 check 0} [{1 admin Our duck ducked your duck's stomach. Can your duck duck our duck's belly just as our duck ducked your duck's stomach? بطتنا بطت بطن بطتكم, تقدر بطتكم تبط بطن بطتنا مثل ما بطتنا بطت بطن بطتكم؟ 1 0 2024-06-23 11:37:00 +0000 UTC 1}] }
15:09:18 [33m[controller.renderHTML] -INFO- [0m{{8b353a96-3151-11ef-8dd8-da6c46387728 check 0} [{1 admin Our duck ducked your duck's stomach. Can your duck duck our duck's belly just as our duck ducked your duck's stomach? بطتنا بطت بطن بطتكم, تقدر بطتكم تبط بطن بطتنا مثل ما بطتنا بطت بطن بطتكم؟ 1 0 2024-06-23 08:37:51 +0000 UTC 1}]}
15:09:18 [33m[controller.renderHTML] -INFO- [0m{{8b353a96-3151-11ef-8dd8-da6c46387728 check 0} [{1 admin Our duck ducked your duck's stomach. Can your duck duck our duck's belly just as our duck ducked your duck's stomach? بطتنا بطت بطن بطتكم, تقدر بطتكم تبط بطن بطتنا مثل ما بطتنا بطت بطن بطتكم؟ 1 0 2024-06-23 11:37:00 +0000 UTC 1}] }
15:09:19 [33m[controller.renderHTML] -INFO- [0m{{8b353a96-3151-11ef-8dd8-da6c46387728 check 0} [{1 admin Our duck ducked your duck's stomach. Can your duck duck our duck's belly just as our duck ducked your duck's stomach? بطتنا بطت بطن بطتكم, تقدر بطتكم تبط بطن بطتنا مثل ما بطتنا بطت بطن بطتكم؟ 1 0 2024-06-23 11:37:00 +0000 UTC 1}] }
15:09:19 [33m[controller.renderHTML] -INFO- [0m{{8b353a96-3151-11ef-8dd8-da6c46387728 check 0} [{1 admin Our duck ducked your duck's stomach. Can your duck duck our duck's belly just as our duck ducked your duck's stomach? بطتنا بطت بطن بطتكم, تقدر بطتكم تبط بطن بطتنا مثل ما بطتنا بطت بطن بطتكم؟ 1 0 2024-06-23 11:37:00 +0000 UTC 1}] }
15:09:20 [33m[controller.renderHTML] -INFO- [0m{{8b353a96-3151-11ef-8dd8-da6c46387728 check 0} [{1 admin Our duck ducked your duck's stomach. Can your duck duck our duck's belly just as our duck ducked your duck's stomach? بطتنا بطت بطن بطتكم, تقدر بطتكم تبط بطن بطتنا مثل ما بطتنا بطت بطن بطتكم؟ 1 0 2024-06-23 08:37:51 +0000 UTC 1}]}
15:09:20 [33m[controller.renderHTML] -INFO- [0m{{8b353a96-3151-11ef-8dd8-da6c46387728 check 0} [{1 admin Our duck ducked your duck's stomach. Can your duck duck our duck's belly just as our duck ducked your duck's stomach? بطتنا بطت بطن بطتكم, تقدر بطتكم تبط بطن بطتنا مثل ما بطتنا بطت بطن بطتكم؟ 1 0 2024-06-23 11:37:00 +0000 UTC 1}] }
15:09:22 [33m[controller.renderHTML] -INFO- [0m{{8b353a96-3151-11ef-8dd8-da6c46387728 check 0} [{1 admin Our duck ducked your duck's stomach. Can your duck duck our duck's belly just as our duck ducked your duck's stomach? بطتنا بطت بطن بطتكم, تقدر بطتكم تبط بطن بطتنا مثل ما بطتنا بطت بطن بطتكم؟ 1 0 2024-06-23 11:37:00 +0000 UTC 1}] }
15:09:22 [33m[controller.renderHTML] -INFO- [0m{{8b353a96-3151-11ef-8dd8-da6c46387728 check 0} [{1 admin Our duck ducked your duck's stomach. Can your duck duck our duck's belly just as our duck ducked your duck's stomach? بطتنا بطت بطن بطتكم, تقدر بطتكم تبط بطن بطتنا مثل ما بطتنا بطت بطن بطتكم؟ 1 0 2024-06-23 11:37:00 +0000 UTC 1}] }
15:09:25 [33m[controller.renderHTML] -INFO- [0m{{8b353a96-3151-11ef-8dd8-da6c46387728 check 0} [{1 admin Our duck ducked your duck's stomach. Can your duck duck our duck's belly just as our duck ducked your duck's stomach? بطتنا بطت بطن بطتكم, تقدر بطتكم تبط بطن بطتنا مثل ما بطتنا بطت بطن بطتكم؟ 1 0 2024-06-23 08:37:51 +0000 UTC 1}]}
15:09:25 [33m[controller.renderHTML] -INFO- [0m{{8b353a96-3151-11ef-8dd8-da6c46387728 check 0} [{1 admin Our duck ducked your duck's stomach. Can your duck duck our duck's belly just as our duck ducked your duck's stomach? بطتنا بطت بطن بطتكم, تقدر بطتكم تبط بطن بطتنا مثل ما بطتنا بطت بطن بطتكم؟ 1 0 2024-06-23 11:37:00 +0000 UTC 1}] }
15:09:43 [33m[controller.renderHTML] -INFO- [0m{{8b353a96-3151-11ef-8dd8-da6c46387728 check 0} [{1 admin Our duck ducked your duck's stomach. Can your duck duck our duck's belly just as our duck ducked your duck's stomach? بطتنا بطت بطن بطتكم, تقدر بطتكم تبط بطن بطتنا مثل ما بطتنا بطت بطن بطتكم؟ 1 0 2024-06-23 11:37:00 +0000 UTC 1}] }
15:09:43 [33m[controller.renderHTML] -INFO- [0m{{8b353a96-3151-11ef-8dd8-da6c46387728 check 0} [{1 admin Our duck ducked your duck's stomach. Can your duck duck our duck's belly just as our duck ducked your duck's stomach? بطتنا بطت بطن بطتكم, تقدر بطتكم تبط بطن بطتنا مثل ما بطتنا بطت بطن بطتكم؟ 1 0 2024-06-23 11:37:00 +0000 UTC 1}] }
15:09:44 [33m[controller.renderHTML] -INFO- [0m{{8b353a96-3151-11ef-8dd8-da6c46387728 check 0} [{1 admin Our duck ducked your duck's stomach. Can your duck duck our duck's belly just as our duck ducked your duck's stomach? بطتنا بطت بطن بطتكم, تقدر بطتكم تبط بطن بطتنا مثل ما بطتنا بطت بطن بطتكم؟ 1 0 2024-06-23 11:37:00 +0000 UTC 1}] }
15:09:44 [33m[controller.renderHTML] -INFO- [0m{{8b353a96-3151-11ef-8dd8-da6c46387728 check 0} [{1 admin Our duck ducked your duck's stomach. Can your duck duck our duck's belly just as our duck ducked your duck's stomach? بطتنا بطت بطن بطتكم, تقدر بطتكم تبط بطن بطتنا مثل ما بطتنا بطت بطن بطتكم؟ 1 0 2024-06-23 11:37:00 +0000 UTC 1}] }
15:09:45 [33m[controller.renderHTML] -INFO- [0m{{8b353a96-3151-11ef-8dd8-da6c46387728 check 0} [{1 admin Our duck ducked your duck's stomach. Can your duck duck our duck's belly just as our duck ducked your duck's stomach? بطتنا بطت بطن بطتكم, تقدر بطتكم تبط بطن بطتنا مثل ما بطتنا بطت بطن بطتكم؟ 1 0 2024-06-23 11:37:00 +0000 UTC 1}] }
15:09:45 [33m[controller.renderHTML] -INFO- [0m{{8b353a96-3151-11ef-8dd8-da6c46387728 check 0} [{1 admin Our duck ducked your duck's stomach. Can your duck duck our duck's belly just as our duck ducked your duck's stomach? بطتنا بطت بطن بطتكم, تقدر بطتكم تبط بطن بطتنا مثل ما بطتنا بطت بطن بطتكم؟ 1 0 2024-06-23 11:37:00 +0000 UTC 1}] }
15:09:47 [33m[controller.renderHTML] -INFO- [0m{{8b353a96-3151-11ef-8dd8-da6c46387728 check 0} [{1 admin Our duck ducked your duck's stomach. Can your duck duck our duck's belly just as our duck ducked your duck's stomach? بطتنا بطت بطن بطتكم, تقدر بطتكم تبط بطن بطتنا مثل ما بطتنا بطت بطن بطتكم؟ 1 0 2024-06-23 11:37:00 +0000 UTC 1}] }
15:09:47 [33m[controller.renderHTML] -INFO- [0m{{8b353a96-3151-11ef-8dd8-da6c46387728 check 0} [{1 admin Our duck ducked your duck's stomach. Can your duck duck our duck's belly just as our duck ducked your duck's stomach? بطتنا بطت بطن بطتكم, تقدر بطتكم تبط بطن بطتنا مثل ما بطتنا بطت بطن بطتكم؟ 1 0 2024-06-23 11:37:00 +0000 UTC 1}] }
15:09:56 [33m[mux: addCommentProcess] -INFO- [0mEnter handler
15:09:56 [33m[mux: addCommentProcess - PostID] -INFO- [0m1
15:09:56 [33m[mux: addCommentProcess - Content] -INFO- [0mcheck check
15:09:56 [33m[controller.renderHTML] -INFO- [0m{{8b353a96-3151-11ef-8dd8-da6c46387728 check 0} [{1 admin Our duck ducked your duck's stomach. Can your duck duck our duck's belly just as our duck ducked your duck's stomach? بطتنا بطت بطن بطتكم, تقدر بطتكم تبط بطن بطتنا مثل ما بطتنا بطت بطن بطتكم؟ 1 0 2024-06-23 11:37:00 +0000 UTC 1}] }
15:09:56 [33m[controller.renderHTML] -INFO- [0m{{8b353a96-3151-11ef-8dd8-da6c46387728 check 0} [{1 admin Our duck ducked your duck's stomach. Can your duck duck our duck's belly just as our duck ducked your duck's stomach? بطتنا بطت بطن بطتكم, تقدر بطتكم تبط بطن بطتنا مثل ما بطتنا بطت بطن بطتكم؟ 1 0 2024-06-23 11:37:00 +0000 UTC 1}] }
15:09:58 [33m[controller.renderHTML] -INFO- [0m{{8b353a96-3151-11ef-8dd8-da6c46387728 check 0} [{1 admin Our duck ducked your duck's stomach. Can your duck duck our duck's belly just as our duck ducked your duck's stomach? بطتنا بطت بطن بطتكم, تقدر بطتكم تبط بطن بطتنا مثل ما بطتنا بطت بطن بطتكم؟ 1 0 2024-06-23 11:37:00 +0000 UTC 1}] }
15:09:58 [33m[controller.renderHTML] -INFO- [0m{{8b353a96-3151-11ef-8dd8-da6c46387728 check 0} [{1 admin Our duck ducked your duck's stomach. Can your duck duck our duck's belly just as our duck ducked your duck's stomach? بطتنا بطت بطن بطتكم, تقدر بطتكم تبط بطن بطتنا مثل ما بطتنا بطت بطن بطتكم؟ 1 0 2024-06-23 11:37:00 +0000 UTC 1}] }
